<?xml version="1.0" encoding="UTF-8"?>
<testsuite xmlns:xsi="http://www.w3.org/2001/XMLSchema-instance" xsi:noNamespaceSchemaLocation="https://maven.apache.org/surefire/maven-surefire-plugin/xsd/surefire-test-report-3.0.xsd" version="3.0" name="multibags.RunCucumberTest" time="25.485" tests="5" errors="0" skipped="0" failures="0">
  <properties>
    <property name="sun.desktop" value="windows"/>
    <property name="awt.toolkit" value="sun.awt.windows.WToolkit"/>
    <property name="file.encoding.pkg" value="sun.io"/>
    <property name="java.specification.version" value="1.8"/>
    <property name="sun.cpu.isalist" value="amd64"/>
    <property name="sun.jnu.encoding" value="Cp1252"/>
    <property name="java.class.path" value="C:\Users\Leonardo\OneDrive - Fatec Centro Paula Souza\UNICAMP\Verificação e Validação\multibags\target\test-classes;C:\Users\Leonardo\OneDrive - Fatec Centro Paula Souza\UNICAMP\Verificação e Validação\multibags\target\classes;C:\Users\Leonardo\.m2\repository\io\cucumber\cucumber-java\7.0.0\cucumber-java-7.0.0.jar;C:\Users\Leonardo\.m2\repository\io\cucumber\cucumber-core\7.0.0\cucumber-core-7.0.0.jar;C:\Users\Leonardo\.m2\repository\io\cucumber\cucumber-gherkin\7.0.0\cucumber-gherkin-7.0.0.jar;C:\Users\Leonardo\.m2\repository\io\cucumber\cucumber-gherkin-messages\7.0.0\cucumber-gherkin-messages-7.0.0.jar;C:\Users\Leonardo\.m2\repository\io\cucumber\messages\17.1.1\messages-17.1.1.jar;C:\Users\Leonardo\.m2\repository\io\cucumber\tag-expressions\4.0.2\tag-expressions-4.0.2.jar;C:\Users\Leonardo\.m2\repository\io\cucumber\cucumber-expressions\13.0.1\cucumber-expressions-13.0.1.jar;C:\Users\Leonardo\.m2\repository\io\cucumber\datatable\7.0.0\datatable-7.0.0.jar;C:\Users\Leonardo\.m2\repository\io\cucumber\cucumber-plugin\7.0.0\cucumber-plugin-7.0.0.jar;C:\Users\Leonardo\.m2\repository\io\cucumber\docstring\7.0.0\docstring-7.0.0.jar;C:\Users\Leonardo\.m2\repository\io\cucumber\html-formatter\17.0.0\html-formatter-17.0.0.jar;C:\Users\Leonardo\.m2\repository\io\cucumber\create-meta\6.0.1\create-meta-6.0.1.jar;C:\Users\Leonardo\.m2\repository\org\apiguardian\apiguardian-api\1.1.2\apiguardian-api-1.1.2.jar;C:\Users\Leonardo\.m2\repository\io\cucumber\cucumber-junit-platform-engine\7.0.0\cucumber-junit-platform-engine-7.0.0.jar;C:\Users\Leonardo\.m2\repository\org\junit\platform\junit-platform-engine\1.8.1\junit-platform-engine-1.8.1.jar;C:\Users\Leonardo\.m2\repository\org\opentest4j\opentest4j\1.2.0\opentest4j-1.2.0.jar;C:\Users\Leonardo\.m2\repository\org\junit\platform\junit-platform-commons\1.8.1\junit-platform-commons-1.8.1.jar;C:\Users\Leonardo\.m2\repository\org\junit\platform\junit-platform-suite\1.8.1\junit-platform-suite-1.8.1.jar;C:\Users\Leonardo\.m2\repository\org\junit\platform\junit-platform-suite-api\1.8.1\junit-platform-suite-api-1.8.1.jar;C:\Users\Leonardo\.m2\repository\org\junit\platform\junit-platform-suite-engine\1.8.1\junit-platform-suite-engine-1.8.1.jar;C:\Users\Leonardo\.m2\repository\org\junit\platform\junit-platform-suite-commons\1.8.1\junit-platform-suite-commons-1.8.1.jar;C:\Users\Leonardo\.m2\repository\org\junit\platform\junit-platform-launcher\1.8.1\junit-platform-launcher-1.8.1.jar;C:\Users\Leonardo\.m2\repository\org\junit\jupiter\junit-jupiter\5.8.1\junit-jupiter-5.8.1.jar;C:\Users\Leonardo\.m2\repository\org\junit\jupiter\junit-jupiter-api\5.8.1\junit-jupiter-api-5.8.1.jar;C:\Users\Leonardo\.m2\repository\org\junit\jupiter\junit-jupiter-params\5.8.1\junit-jupiter-params-5.8.1.jar;C:\Users\Leonardo\.m2\repository\org\junit\jupiter\junit-jupiter-engine\5.8.1\junit-jupiter-engine-5.8.1.jar;C:\Users\Leonardo\.m2\repository\org\seleniumhq\selenium\selenium-java\3.141.59\selenium-java-3.141.59.jar;C:\Users\Leonardo\.m2\repository\org\seleniumhq\selenium\selenium-api\3.141.59\selenium-api-3.141.59.jar;C:\Users\Leonardo\.m2\repository\org\seleniumhq\selenium\selenium-chrome-driver\3.141.59\selenium-chrome-driver-3.141.59.jar;C:\Users\Leonardo\.m2\repository\org\seleniumhq\selenium\selenium-edge-driver\3.141.59\selenium-edge-driver-3.141.59.jar;C:\Users\Leonardo\.m2\repository\org\seleniumhq\selenium\selenium-firefox-driver\3.141.59\selenium-firefox-driver-3.141.59.jar;C:\Users\Leonardo\.m2\repository\org\seleniumhq\selenium\selenium-ie-driver\3.141.59\selenium-ie-driver-3.141.59.jar;C:\Users\Leonardo\.m2\repository\org\seleniumhq\selenium\selenium-opera-driver\3.141.59\selenium-opera-driver-3.141.59.jar;C:\Users\Leonardo\.m2\repository\org\seleniumhq\selenium\selenium-remote-driver\3.141.59\selenium-remote-driver-3.141.59.jar;C:\Users\Leonardo\.m2\repository\org\seleniumhq\selenium\selenium-safari-driver\3.141.59\selenium-safari-driver-3.141.59.jar;C:\Users\Leonardo\.m2\repository\org\seleniumhq\selenium\selenium-support\3.141.59\selenium-support-3.141.59.jar;C:\Users\Leonardo\.m2\repository\net\bytebuddy\byte-buddy\1.8.15\byte-buddy-1.8.15.jar;C:\Users\Leonardo\.m2\repository\org\apache\commons\commons-exec\1.3\commons-exec-1.3.jar;C:\Users\Leonardo\.m2\repository\com\google\guava\guava\25.0-jre\guava-25.0-jre.jar;C:\Users\Leonardo\.m2\repository\com\google\code\findbugs\jsr305\1.3.9\jsr305-1.3.9.jar;C:\Users\Leonardo\.m2\repository\org\checkerframework\checker-compat-qual\2.0.0\checker-compat-qual-2.0.0.jar;C:\Users\Leonardo\.m2\repository\com\google\errorprone\error_prone_annotations\2.1.3\error_prone_annotations-2.1.3.jar;C:\Users\Leonardo\.m2\repository\com\google\j2objc\j2objc-annotations\1.1\j2objc-annotations-1.1.jar;C:\Users\Leonardo\.m2\repository\org\codehaus\mojo\animal-sniffer-annotations\1.14\animal-sniffer-annotations-1.14.jar;C:\Users\Leonardo\.m2\repository\com\squareup\okhttp3\okhttp\3.11.0\okhttp-3.11.0.jar;C:\Users\Leonardo\.m2\repository\com\squareup\okio\okio\1.14.0\okio-1.14.0.jar;"/>
    <property name="java.vm.vendor" value="Oracle Corporation"/>
    <property name="sun.arch.data.model" value="64"/>
    <property name="user.variant" value=""/>
    <property name="java.vendor.url" value="http://java.oracle.com/"/>
    <property name="user.timezone" value="America/Sao_Paulo"/>
    <property name="java.vm.specification.version" value="1.8"/>
    <property name="os.name" value="Windows 10"/>
    <property name="user.country" value="BR"/>
    <property name="sun.java.launcher" value="SUN_STANDARD"/>
    <property name="sun.boot.library.path" value="C:\Program Files\Java\jdk1.8.0_65\jre\bin"/>
    <property name="sun.java.command" value="C:\Users\Leonardo\AppData\Local\Temp\surefire9014252275789686367\surefirebooter5823572908828918003.jar C:\Users\Leonardo\AppData\Local\Temp\surefire9014252275789686367 2021-12-04T18-24-26_994-jvmRun1 surefire1457216967532510793tmp surefire_02103789640026118180tmp"/>
    <property name="surefire.test.class.path" value="C:\Users\Leonardo\OneDrive - Fatec Centro Paula Souza\UNICAMP\Verificação e Validação\multibags\target\test-classes;C:\Users\Leonardo\OneDrive - Fatec Centro Paula Souza\UNICAMP\Verificação e Validação\multibags\target\classes;C:\Users\Leonardo\.m2\repository\io\cucumber\cucumber-java\7.0.0\cucumber-java-7.0.0.jar;C:\Users\Leonardo\.m2\repository\io\cucumber\cucumber-core\7.0.0\cucumber-core-7.0.0.jar;C:\Users\Leonardo\.m2\repository\io\cucumber\cucumber-gherkin\7.0.0\cucumber-gherkin-7.0.0.jar;C:\Users\Leonardo\.m2\repository\io\cucumber\cucumber-gherkin-messages\7.0.0\cucumber-gherkin-messages-7.0.0.jar;C:\Users\Leonardo\.m2\repository\io\cucumber\messages\17.1.1\messages-17.1.1.jar;C:\Users\Leonardo\.m2\repository\io\cucumber\tag-expressions\4.0.2\tag-expressions-4.0.2.jar;C:\Users\Leonardo\.m2\repository\io\cucumber\cucumber-expressions\13.0.1\cucumber-expressions-13.0.1.jar;C:\Users\Leonardo\.m2\repository\io\cucumber\datatable\7.0.0\datatable-7.0.0.jar;C:\Users\Leonardo\.m2\repository\io\cucumber\cucumber-plugin\7.0.0\cucumber-plugin-7.0.0.jar;C:\Users\Leonardo\.m2\repository\io\cucumber\docstring\7.0.0\docstring-7.0.0.jar;C:\Users\Leonardo\.m2\repository\io\cucumber\html-formatter\17.0.0\html-formatter-17.0.0.jar;C:\Users\Leonardo\.m2\repository\io\cucumber\create-meta\6.0.1\create-meta-6.0.1.jar;C:\Users\Leonardo\.m2\repository\org\apiguardian\apiguardian-api\1.1.2\apiguardian-api-1.1.2.jar;C:\Users\Leonardo\.m2\repository\io\cucumber\cucumber-junit-platform-engine\7.0.0\cucumber-junit-platform-engine-7.0.0.jar;C:\Users\Leonardo\.m2\repository\org\junit\platform\junit-platform-engine\1.8.1\junit-platform-engine-1.8.1.jar;C:\Users\Leonardo\.m2\repository\org\opentest4j\opentest4j\1.2.0\opentest4j-1.2.0.jar;C:\Users\Leonardo\.m2\repository\org\junit\platform\junit-platform-commons\1.8.1\junit-platform-commons-1.8.1.jar;C:\Users\Leonardo\.m2\repository\org\junit\platform\junit-platform-suite\1.8.1\junit-platform-suite-1.8.1.jar;C:\Users\Leonardo\.m2\repository\org\junit\platform\junit-platform-suite-api\1.8.1\junit-platform-suite-api-1.8.1.jar;C:\Users\Leonardo\.m2\repository\org\junit\platform\junit-platform-suite-engine\1.8.1\junit-platform-suite-engine-1.8.1.jar;C:\Users\Leonardo\.m2\repository\org\junit\platform\junit-platform-suite-commons\1.8.1\junit-platform-suite-commons-1.8.1.jar;C:\Users\Leonardo\.m2\repository\org\junit\platform\junit-platform-launcher\1.8.1\junit-platform-launcher-1.8.1.jar;C:\Users\Leonardo\.m2\repository\org\junit\jupiter\junit-jupiter\5.8.1\junit-jupiter-5.8.1.jar;C:\Users\Leonardo\.m2\repository\org\junit\jupiter\junit-jupiter-api\5.8.1\junit-jupiter-api-5.8.1.jar;C:\Users\Leonardo\.m2\repository\org\junit\jupiter\junit-jupiter-params\5.8.1\junit-jupiter-params-5.8.1.jar;C:\Users\Leonardo\.m2\repository\org\junit\jupiter\junit-jupiter-engine\5.8.1\junit-jupiter-engine-5.8.1.jar;C:\Users\Leonardo\.m2\repository\org\seleniumhq\selenium\selenium-java\3.141.59\selenium-java-3.141.59.jar;C:\Users\Leonardo\.m2\repository\org\seleniumhq\selenium\selenium-api\3.141.59\selenium-api-3.141.59.jar;C:\Users\Leonardo\.m2\repository\org\seleniumhq\selenium\selenium-chrome-driver\3.141.59\selenium-chrome-driver-3.141.59.jar;C:\Users\Leonardo\.m2\repository\org\seleniumhq\selenium\selenium-edge-driver\3.141.59\selenium-edge-driver-3.141.59.jar;C:\Users\Leonardo\.m2\repository\org\seleniumhq\selenium\selenium-firefox-driver\3.141.59\selenium-firefox-driver-3.141.59.jar;C:\Users\Leonardo\.m2\repository\org\seleniumhq\selenium\selenium-ie-driver\3.141.59\selenium-ie-driver-3.141.59.jar;C:\Users\Leonardo\.m2\repository\org\seleniumhq\selenium\selenium-opera-driver\3.141.59\selenium-opera-driver-3.141.59.jar;C:\Users\Leonardo\.m2\repository\org\seleniumhq\selenium\selenium-remote-driver\3.141.59\selenium-remote-driver-3.141.59.jar;C:\Users\Leonardo\.m2\repository\org\seleniumhq\selenium\selenium-safari-driver\3.141.59\selenium-safari-driver-3.141.59.jar;C:\Users\Leonardo\.m2\repository\org\seleniumhq\selenium\selenium-support\3.141.59\selenium-support-3.141.59.jar;C:\Users\Leonardo\.m2\repository\net\bytebuddy\byte-buddy\1.8.15\byte-buddy-1.8.15.jar;C:\Users\Leonardo\.m2\repository\org\apache\commons\commons-exec\1.3\commons-exec-1.3.jar;C:\Users\Leonardo\.m2\repository\com\google\guava\guava\25.0-jre\guava-25.0-jre.jar;C:\Users\Leonardo\.m2\repository\com\google\code\findbugs\jsr305\1.3.9\jsr305-1.3.9.jar;C:\Users\Leonardo\.m2\repository\org\checkerframework\checker-compat-qual\2.0.0\checker-compat-qual-2.0.0.jar;C:\Users\Leonardo\.m2\repository\com\google\errorprone\error_prone_annotations\2.1.3\error_prone_annotations-2.1.3.jar;C:\Users\Leonardo\.m2\repository\com\google\j2objc\j2objc-annotations\1.1\j2objc-annotations-1.1.jar;C:\Users\Leonardo\.m2\repository\org\codehaus\mojo\animal-sniffer-annotations\1.14\animal-sniffer-annotations-1.14.jar;C:\Users\Leonardo\.m2\repository\com\squareup\okhttp3\okhttp\3.11.0\okhttp-3.11.0.jar;C:\Users\Leonardo\.m2\repository\com\squareup\okio\okio\1.14.0\okio-1.14.0.jar;"/>
    <property name="sun.cpu.endian" value="little"/>
    <property name="user.home" value="C:\Users\Leonardo"/>
    <property name="user.language" value="pt"/>
    <property name="java.specification.vendor" value="Oracle Corporation"/>
    <property name="java.home" value="C:\Program Files\Java\jdk1.8.0_65\jre"/>
    <property name="basedir" value="C:\Users\Leonardo\OneDrive - Fatec Centro Paula Souza\UNICAMP\Verificação e Validação\multibags"/>
    <property name="file.separator" value="\"/>
    <property name="line.separator" value="&#10;"/>
    <property name="java.vm.specification.vendor" value="Oracle Corporation"/>
    <property name="java.specification.name" value="Java Platform API Specification"/>
    <property name="java.awt.graphicsenv" value="sun.awt.Win32GraphicsEnvironment"/>
    <property name="surefire.real.class.path" value="C:\Users\Leonardo\AppData\Local\Temp\surefire9014252275789686367\surefirebooter5823572908828918003.jar"/>
    <property name="sun.boot.class.path" value="C:\Program Files\Java\jdk1.8.0_65\jre\lib\resources.jar;C:\Program Files\Java\jdk1.8.0_65\jre\lib\rt.jar;C:\Program Files\Java\jdk1.8.0_65\jre\lib\sunrsasign.jar;C:\Program Files\Java\jdk1.8.0_65\jre\lib\jsse.jar;C:\Program Files\Java\jdk1.8.0_65\jre\lib\jce.jar;C:\Program Files\Java\jdk1.8.0_65\jre\lib\charsets.jar;C:\Program Files\Java\jdk1.8.0_65\jre\lib\jfr.jar;C:\Program Files\Java\jdk1.8.0_65\jre\classes"/>
    <property name="user.script" value=""/>
    <property name="sun.management.compiler" value="HotSpot 64-Bit Tiered Compilers"/>
    <property name="java.runtime.version" value="1.8.0_65-b17"/>
    <property name="user.name" value="Leonardo"/>
    <property name="path.separator" value=";"/>
    <property name="os.version" value="10.0"/>
    <property name="java.endorsed.dirs" value="C:\Program Files\Java\jdk1.8.0_65\jre\lib\endorsed"/>
    <property name="java.runtime.name" value="Java(TM) SE Runtime Environment"/>
    <property name="file.encoding" value="Cp1252"/>
    <property name="java.vm.name" value="Java HotSpot(TM) 64-Bit Server VM"/>
    <property name="localRepository" value="C:\Users\Leonardo\.m2\repository"/>
    <property name="java.vendor.url.bug" value="http://bugreport.sun.com/bugreport/"/>
    <property name="java.io.tmpdir" value="C:\Users\Leonardo\AppData\Local\Temp\"/>
    <property name="java.version" value="1.8.0_65"/>
    <property name="user.dir" value="C:\Users\Leonardo\OneDrive - Fatec Centro Paula Souza\UNICAMP\Verificação e Validação\multibags"/>
    <property name="os.arch" value="amd64"/>
    <property name="java.vm.specification.name" value="Java Virtual Machine Specification"/>
    <property name="java.awt.printerjob" value="sun.awt.windows.WPrinterJob"/>
    <property name="sun.os.patch.level" value=""/>
    <property name="java.library.path" value="C:\Program Files\Java\jdk1.8.0_65\jre\bin;C:\WINDOWS\Sun\Java\bin;C:\WINDOWS\system32;C:\WINDOWS;C:\Program Files\Common Files\Oracle\Java\javapath;C:/Users/Leonardo/AppData/Local/Android/Sdk/\tools;C:/Users/Leonardo/AppData/Local/Android/Sdk/\platform-tools;C:\Flutter\flutter\bin;C:\Oracle\11g\R2\bin;C:\Program Files\Java\jdk-11.0.2\bin;C:\Program Files (x86)\Common Files\Oracle\Java\javapath;C:\ProgramData\Oracle\Java\javapath;C:\WINDOWS\system32;C:\WINDOWS;C:\WINDOWS\System32\Wbem;C:\WINDOWS\System32\WindowsPowerShell\v1.0\;C:\Users\Leonardo\.dnx\bin;C:\Program Files\Microsoft DNX\Dnvm\;C:\Program Files\Microsoft SQL Server\130\Tools\Binn\;C:\Program Files (x86)\Microsoft SQL Server\130\DTS\Binn\;C:\Program Files\Microsoft SQL Server\130\DTS\Binn\;C:\Program Files\Microsoft SQL Server\Client SDK\ODBC\130\Tools\Binn\;C:\Program Files (x86)\Microsoft SQL Server\130\Tools\Binn\;C:\Program Files (x86)\Microsoft SQL Server\Client SDK\ODBC\130\Tools\Binn\;C:\Program Files (x86)\Microsoft SQL Server\140\Tools\Binn\;C:\Program Files;C:\Program Files\Git\cmd;C:\Program Files\dotnet\;C:\Program Files\nodejs;C:\Program Files\NVIDIA Corporation\NVIDIA NvDLISR;C:\Program Files (x86)\dotnet\;C:\Program Files\Microsoft SQL Server\Client SDK\ODBC\170\Tools\Binn\;C:\Program Files (x86)\NVIDIA Corporation\PhysX\Common;C:\ProgramData\chocolatey\bin;C:\WINDOWS\system32;C:\WINDOWS;C:\WINDOWS\System32\Wbem;C:\WINDOWS\System32\WindowsPowerShell\v1.0\;C:\WINDOWS\System32\OpenSSH\;C:\Program Files\PuTTY\;C:\Program Files\Docker\Docker\resources\bin;C:\ProgramData\DockerDesktop\version-bin;C:\;C:\Users\Leonardo\AppData\Local\Microsoft\WindowsApps;C:\Users\Leonardo\AppData\Local\GitHubDesktop\bin;C:\Users\Leonardo\AppData\Local\atom\bin;C:\Users\Leonardo\AppData\Roaming\Composer\vendor\bin;C:\Users\Leonardo\.dotnet\tools;C:\Users\Leonardo\AppData\Local\Programs\Microsoft VS Code\bin;C:\Program Files\Java\jdk1.8.0_65\bin;C:\Users\Leonardo\AppData\Roaming\npm;C:\Program Files\nodejs;C:\Users\Leonardo\.dotnet\tools;C:\Users\Leonardo\AppData\Local\Microsoft\WindowsApps;C:\apache-maven-3.8.1\bin;;."/>
    <property name="java.vm.info" value="mixed mode"/>
    <property name="java.vendor" value="Oracle Corporation"/>
    <property name="java.vm.version" value="25.65-b01"/>
    <property name="java.ext.dirs" value="C:\Program Files\Java\jdk1.8.0_65\jre\lib\ext;C:\WINDOWS\Sun\Java\lib\ext"/>
    <property name="sun.io.unicode.encoding" value="UnicodeLittle"/>
    <property name="java.class.version" value="52.0"/>
  </properties>
  <testcase name="Example #1" classname="Examples" time="5.397">
    <system-out><![CDATA[
Scenario Outline: Access the Sign In screen            &amp#27;[90m# multibags/Login.feature:16&amp#27;[0m
  &amp#27;[32mGiven &amp#27;[0m&amp#27;[32mthat the user accessed the functionality login&amp#27;[0m &amp#27;[90m# multibags.LoginStepDefinitions.logiIn(io.cucumber.datatable.DataTable)&amp#27;[0m
    | My Account |
    | Sign In    |
  &amp#27;[32mAnd &amp#27;[0m&amp#27;[32mthe customer email address &amp#27;[0m&amp#27;[32m&amp#27;[1m"carlos@adao.com"&amp#27;[0m     &amp#27;[90m# multibags.LoginStepDefinitions.the_customer_email_address(java.lang.String)&amp#27;[0m
  &amp#27;[32mAnd &amp#27;[0m&amp#27;[32mthe password &amp#27;[0m&amp#27;[32m&amp#27;[1m"123456"&amp#27;[0m                            &amp#27;[90m# multibags.LoginStepDefinitions.the_password(java.lang.String)&amp#27;[0m
  &amp#27;[32mWhen &amp#27;[0m&amp#27;[32mclick on the SIGN IN button&amp#27;[0m                     &amp#27;[90m# multibags.LoginStepDefinitions.click_on_the_button()&amp#27;[0m
  &amp#27;[32mThen &amp#27;[0m&amp#27;[32mshould login &amp#27;[0m&amp#27;[32m&amp#27;[1m"false"&amp#27;[0m                            &amp#27;[90m# multibags.LoginStepDefinitions.should_login(java.lang.String)&amp#27;[0m
]]></system-out>
    <system-err><![CDATA[1638649469032	geckodriver	INFO	Listening on 127.0.0.1:2108
1638649469504	mozrunner::runner	INFO	Running command: "C:\\Program Files\\Mozilla Firefox\\firefox.exe" "--marionette" "--headless" "-no-remote" "-profile" "C:\\Users\\Leonardo\\AppData\\Local\\Temp\\rust_mozprofileeyoHM5"
*** You are running in headless mode.
1638649469905	Marionette	INFO	Marionette enabled
[GFX1-]: RenderCompositorSWGL failed mapping default framebuffer, no dt
console.warn: SearchSettings: "get: No settings file exists, new profile?" (new NotFoundError("Could not open the file at C:\\Users\\Leonardo\\AppData\\Local\\Temp\\rust_mozprofileeyoHM5\\search.json.mozlz4", (void 0)))
1638649470775	Marionette	INFO	Listening on port 53519
1638649471063	RemoteAgent	WARN	TLS certificate errors will be ignored for this session
dez 04, 2021 6:24:31 PM org.openqa.selenium.remote.ProtocolHandshake createSession
INFORMAÇÕES: Detected dialect: W3C
1638649473461	Marionette	INFO	Stopped listening on port 53519
]]></system-err>
  </testcase>
  <testcase name="Example #2" classname="Examples" time="4.971">
    <system-out><![CDATA[
Scenario Outline: Access the Sign In screen            &amp#27;[90m# multibags/Login.feature:17&amp#27;[0m
  &amp#27;[32mGiven &amp#27;[0m&amp#27;[32mthat the user accessed the functionality login&amp#27;[0m &amp#27;[90m# multibags.LoginStepDefinitions.logiIn(io.cucumber.datatable.DataTable)&amp#27;[0m
    | My Account |
    | Sign In    |
  &amp#27;[32mAnd &amp#27;[0m&amp#27;[32mthe customer email address &amp#27;[0m&amp#27;[32m&amp#27;[1m"carlos@adao.com"&amp#27;[0m     &amp#27;[90m# multibags.LoginStepDefinitions.the_customer_email_address(java.lang.String)&amp#27;[0m
  &amp#27;[32mAnd &amp#27;[0m&amp#27;[32mthe password &amp#27;[0m&amp#27;[32m&amp#27;[1m"wrongPassword"&amp#27;[0m                     &amp#27;[90m# multibags.LoginStepDefinitions.the_password(java.lang.String)&amp#27;[0m
  &amp#27;[32mWhen &amp#27;[0m&amp#27;[32mclick on the SIGN IN button&amp#27;[0m                     &amp#27;[90m# multibags.LoginStepDefinitions.click_on_the_button()&amp#27;[0m
  &amp#27;[32mThen &amp#27;[0m&amp#27;[32mshould login &amp#27;[0m&amp#27;[32m&amp#27;[1m"false"&amp#27;[0m                            &amp#27;[90m# multibags.LoginStepDefinitions.should_login(java.lang.String)&amp#27;[0m
]]></system-out>
    <system-err><![CDATA[1638649474264	geckodriver	INFO	Listening on 127.0.0.1:7886
1638649474582	mozrunner::runner	INFO	Running command: "C:\\Program Files\\Mozilla Firefox\\firefox.exe" "--marionette" "--headless" "-no-remote" "-profile" "C:\\Users\\Leonardo\\AppData\\Local\\Temp\\rust_mozprofilebvnNLd"
*** You are running in headless mode.
1638649475023	Marionette	INFO	Marionette enabled
[GFX1-]: RenderCompositorSWGL failed mapping default framebuffer, no dt
console.warn: SearchSettings: "get: No settings file exists, new profile?" (new NotFoundError("Could not open the file at C:\\Users\\Leonardo\\AppData\\Local\\Temp\\rust_mozprofilebvnNLd\\search.json.mozlz4", (void 0)))
1638649475877	Marionette	INFO	Listening on port 53586
1638649476136	RemoteAgent	WARN	TLS certificate errors will be ignored for this session
dez 04, 2021 6:24:36 PM org.openqa.selenium.remote.ProtocolHandshake createSession
INFORMAÇÕES: Detected dialect: W3C
1638649478430	Marionette	INFO	Stopped listening on port 53586
]]></system-err>
  </testcase>
  <testcase name="Example #3" classname="Examples" time="5.092">
    <system-out><![CDATA[
Scenario Outline: Access the Sign In screen            &amp#27;[90m# multibags/Login.feature:18&amp#27;[0m
  &amp#27;[32mGiven &amp#27;[0m&amp#27;[32mthat the user accessed the functionality login&amp#27;[0m &amp#27;[90m# multibags.LoginStepDefinitions.logiIn(io.cucumber.datatable.DataTable)&amp#27;[0m
    | My Account |
    | Sign In    |
  &amp#27;[32mAnd &amp#27;[0m&amp#27;[32mthe customer email address &amp#27;[0m&amp#27;[32m&amp#27;[1m"carlos.com"&amp#27;[0m          &amp#27;[90m# multibags.LoginStepDefinitions.the_customer_email_address(java.lang.String)&amp#27;[0m
  &amp#27;[32mAnd &amp#27;[0m&amp#27;[32mthe password &amp#27;[0m&amp#27;[32m&amp#27;[1m"123456"&amp#27;[0m                            &amp#27;[90m# multibags.LoginStepDefinitions.the_password(java.lang.String)&amp#27;[0m
  &amp#27;[32mWhen &amp#27;[0m&amp#27;[32mclick on the SIGN IN button&amp#27;[0m                     &amp#27;[90m# multibags.LoginStepDefinitions.click_on_the_button()&amp#27;[0m
  &amp#27;[32mThen &amp#27;[0m&amp#27;[32mshould login &amp#27;[0m&amp#27;[32m&amp#27;[1m"false"&amp#27;[0m                            &amp#27;[90m# multibags.LoginStepDefinitions.should_login(java.lang.String)&amp#27;[0m
]]></system-out>
    <system-err><![CDATA[1638649479156	geckodriver	INFO	Listening on 127.0.0.1:17716
1638649479540	mozrunner::runner	INFO	Running command: "C:\\Program Files\\Mozilla Firefox\\firefox.exe" "--marionette" "--headless" "-no-remote" "-profile" "C:\\Users\\Leonardo\\AppData\\Local\\Temp\\rust_mozprofileNnzTGg"
*** You are running in headless mode.
1638649479918	Marionette	INFO	Marionette enabled
[GFX1-]: RenderCompositorSWGL failed mapping default framebuffer, no dt
console.warn: SearchSettings: "get: No settings file exists, new profile?" (new NotFoundError("Could not open the file at C:\\Users\\Leonardo\\AppData\\Local\\Temp\\rust_mozprofileNnzTGg\\search.json.mozlz4", (void 0)))
1638649480761	Marionette	INFO	Listening on port 53650
1638649481083	RemoteAgent	WARN	TLS certificate errors will be ignored for this session
dez 04, 2021 6:24:41 PM org.openqa.selenium.remote.ProtocolHandshake createSession
INFORMAÇÕES: Detected dialect: W3C
1638649483525	Marionette	INFO	Stopped listening on port 53650

###!!! [Parent][RunMessage] Error: Channel closing: too late to send/recv, messages will be lost

]]></system-err>
  </testcase>
  <testcase name="Example #4" classname="Examples" time="5">
    <system-out><![CDATA[
Scenario Outline: Access the Sign In screen            &amp#27;[90m# multibags/Login.feature:19&amp#27;[0m
  &amp#27;[32mGiven &amp#27;[0m&amp#27;[32mthat the user accessed the functionality login&amp#27;[0m &amp#27;[90m# multibags.LoginStepDefinitions.logiIn(io.cucumber.datatable.DataTable)&amp#27;[0m
    | My Account |
    | Sign In    |
  &amp#27;[32mAnd &amp#27;[0m&amp#27;[32mthe customer email address &amp#27;[0m&amp#27;[32m&amp#27;[1m"carlos.com"&amp#27;[0m          &amp#27;[90m# multibags.LoginStepDefinitions.the_customer_email_address(java.lang.String)&amp#27;[0m
  &amp#27;[32mAnd &amp#27;[0m&amp#27;[32mthe password &amp#27;[0m&amp#27;[32m&amp#27;[1m"wrongPassword"&amp#27;[0m                     &amp#27;[90m# multibags.LoginStepDefinitions.the_password(java.lang.String)&amp#27;[0m
  &amp#27;[32mWhen &amp#27;[0m&amp#27;[32mclick on the SIGN IN button&amp#27;[0m                     &amp#27;[90m# multibags.LoginStepDefinitions.click_on_the_button()&amp#27;[0m
  &amp#27;[32mThen &amp#27;[0m&amp#27;[32mshould login &amp#27;[0m&amp#27;[32m&amp#27;[1m"false"&amp#27;[0m                            &amp#27;[90m# multibags.LoginStepDefinitions.should_login(java.lang.String)&amp#27;[0m
]]></system-out>
    <system-err><![CDATA[1638649484278	geckodriver	INFO	Listening on 127.0.0.1:6021
1638649484630	mozrunner::runner	INFO	Running command: "C:\\Program Files\\Mozilla Firefox\\firefox.exe" "--marionette" "--headless" "-no-remote" "-profile" "C:\\Users\\Leonardo\\AppData\\Local\\Temp\\rust_mozprofilewRpOhQ"
*** You are running in headless mode.
1638649485041	Marionette	INFO	Marionette enabled
[GFX1-]: RenderCompositorSWGL failed mapping default framebuffer, no dt
console.warn: SearchSettings: "get: No settings file exists, new profile?" (new NotFoundError("Could not open the file at C:\\Users\\Leonardo\\AppData\\Local\\Temp\\rust_mozprofilewRpOhQ\\search.json.mozlz4", (void 0)))
1638649485894	Marionette	INFO	Listening on port 53710
1638649486180	RemoteAgent	WARN	TLS certificate errors will be ignored for this session
dez 04, 2021 6:24:46 PM org.openqa.selenium.remote.ProtocolHandshake createSession
INFORMAÇÕES: Detected dialect: W3C
1638649488527	Marionette	INFO	Stopped listening on port 53710
]]></system-err>
  </testcase>
  <testcase name="Example #5" classname="Examples" time="4.964">
    <system-out><![CDATA[
Scenario Outline: Access the Sign In screen            &amp#27;[90m# multibags/Login.feature:20&amp#27;[0m
  &amp#27;[32mGiven &amp#27;[0m&amp#27;[32mthat the user accessed the functionality login&amp#27;[0m &amp#27;[90m# multibags.LoginStepDefinitions.logiIn(io.cucumber.datatable.DataTable)&amp#27;[0m
    | My Account |
    | Sign In    |
  &amp#27;[32mAnd &amp#27;[0m&amp#27;[32mthe customer email address &amp#27;[0m&amp#27;[32m&amp#27;[1m"teste@teste.com"&amp#27;[0m     &amp#27;[90m# multibags.LoginStepDefinitions.the_customer_email_address(java.lang.String)&amp#27;[0m
  &amp#27;[32mAnd &amp#27;[0m&amp#27;[32mthe password &amp#27;[0m&amp#27;[32m&amp#27;[1m"123456"&amp#27;[0m                            &amp#27;[90m# multibags.LoginStepDefinitions.the_password(java.lang.String)&amp#27;[0m
  &amp#27;[32mWhen &amp#27;[0m&amp#27;[32mclick on the SIGN IN button&amp#27;[0m                     &amp#27;[90m# multibags.LoginStepDefinitions.click_on_the_button()&amp#27;[0m
  &amp#27;[32mThen &amp#27;[0m&amp#27;[32mshould login &amp#27;[0m&amp#27;[32m&amp#27;[1m"true"&amp#27;[0m                             &amp#27;[90m# multibags.LoginStepDefinitions.should_login(java.lang.String)&amp#27;[0m
]]></system-out>
    <system-err><![CDATA[1638649489281	geckodriver	INFO	Listening on 127.0.0.1:29134
1638649489633	mozrunner::runner	INFO	Running command: "C:\\Program Files\\Mozilla Firefox\\firefox.exe" "--marionette" "--headless" "-no-remote" "-profile" "C:\\Users\\Leonardo\\AppData\\Local\\Temp\\rust_mozprofile7M8AFO"
*** You are running in headless mode.
1638649490048	Marionette	INFO	Marionette enabled
[GFX1-]: RenderCompositorSWGL failed mapping default framebuffer, no dt
console.warn: SearchSettings: "get: No settings file exists, new profile?" (new NotFoundError("Could not open the file at C:\\Users\\Leonardo\\AppData\\Local\\Temp\\rust_mozprofile7M8AFO\\search.json.mozlz4", (void 0)))
1638649490911	Marionette	INFO	Listening on port 53773
1638649491174	RemoteAgent	WARN	TLS certificate errors will be ignored for this session
dez 04, 2021 6:24:51 PM org.openqa.selenium.remote.ProtocolHandshake createSession
INFORMAÇÕES: Detected dialect: W3C
1638649493485	Marionette	INFO	Stopped listening on port 53773
]]></system-err>
  </testcase>
</testsuite>